TN:
SF:src\test.ts
FNF:0
FNH:0
DA:18,1
DA:25,1
DA:27,1
LF:3
LH:3
BRF:0
BRH:0
end_of_record
TN:
SF:src\app\app.component.ts
FN:15,(anonymous_0)
FN:18,(anonymous_1)
FNF:2
FNH:1
FNDA:2,(anonymous_0)
FNDA:0,(anonymous_1)
DA:12,1
DA:14,2
DA:15,2
DA:19,0
LF:4
LH:3
BRF:0
BRH:0
end_of_record
TN:
SF:src\app\data.service.ts
FN:19,(anonymous_0)
FN:52,(anonymous_1)
FN:56,(anonymous_2)
FN:62,(anonymous_3)
FN:67,(anonymous_4)
FN:72,(anonymous_5)
FN:76,(anonymous_6)
FN:79,(anonymous_7)
FN:85,(anonymous_8)
FN:89,(anonymous_9)
FN:93,(anonymous_10)
FN:97,(anonymous_11)
FN:101,(anonymous_12)
FN:105,(anonymous_13)
FN:109,(anonymous_14)
FN:118,(anonymous_15)
FN:120,(anonymous_16)
FN:121,(anonymous_17)
FN:126,(anonymous_18)
FN:133,(anonymous_19)
FN:134,(anonymous_20)
FN:135,(anonymous_21)
FN:136,(anonymous_22)
FN:137,(anonymous_23)
FN:147,(anonymous_24)
FN:149,(anonymous_25)
FN:150,(anonymous_26)
FN:153,(anonymous_27)
FN:154,(anonymous_28)
FN:176,(anonymous_29)
FN:182,(anonymous_30)
FN:183,(anonymous_31)
FN:186,(anonymous_32)
FN:196,(anonymous_33)
FN:198,(anonymous_34)
FN:200,(anonymous_35)
FN:210,(anonymous_36)
FN:212,(anonymous_37)
FN:216,(anonymous_38)
FN:217,(anonymous_39)
FN:219,(anonymous_40)
FN:221,(anonymous_41)
FN:225,(anonymous_42)
FN:231,(anonymous_43)
FN:237,(anonymous_44)
FN:239,(anonymous_45)
FN:240,(anonymous_46)
FN:246,(anonymous_47)
FN:253,(anonymous_48)
FN:254,(anonymous_49)
FN:260,(anonymous_50)
FN:262,(anonymous_51)
FN:263,(anonymous_52)
FN:272,(anonymous_53)
FN:273,(anonymous_54)
FN:276,(anonymous_55)
FN:277,(anonymous_56)
FN:281,(anonymous_57)
FN:282,(anonymous_58)
FN:285,(anonymous_59)
FN:287,(anonymous_60)
FN:300,(anonymous_61)
FN:303,(anonymous_62)
FN:312,(anonymous_63)
FN:323,(anonymous_64)
FN:325,(anonymous_65)
FN:332,(anonymous_66)
FNF:67
FNH:25
FNDA:24,(anonymous_0)
FNDA:3,(anonymous_1)
FNDA:0,(anonymous_2)
FNDA:1,(anonymous_3)
FNDA:0,(anonymous_4)
FNDA:1,(anonymous_5)
FNDA:0,(anonymous_6)
FNDA:0,(anonymous_7)
FNDA:0,(anonymous_8)
FNDA:0,(anonymous_9)
FNDA:6,(anonymous_10)
FNDA:3,(anonymous_11)
FNDA:14,(anonymous_12)
FNDA:0,(anonymous_13)
FNDA:1,(anonymous_14)
FNDA:2,(anonymous_15)
FNDA:2,(anonymous_16)
FNDA:0,(anonymous_17)
FNDA:0,(anonymous_18)
FNDA:3,(anonymous_19)
FNDA:3,(anonymous_20)
FNDA:0,(anonymous_21)
FNDA:0,(anonymous_22)
FNDA:0,(anonymous_23)
FNDA:4,(anonymous_24)
FNDA:4,(anonymous_25)
FNDA:0,(anonymous_26)
FNDA:0,(anonymous_27)
FNDA:0,(anonymous_28)
FNDA:0,(anonymous_29)
FNDA:1,(anonymous_30)
FNDA:1,(anonymous_31)
FNDA:0,(anonymous_32)
FNDA:2,(anonymous_33)
FNDA:2,(anonymous_34)
FNDA:0,(anonymous_35)
FNDA:0,(anonymous_36)
FNDA:0,(anonymous_37)
FNDA:1,(anonymous_38)
FNDA:1,(anonymous_39)
FNDA:0,(anonymous_40)
FNDA:0,(anonymous_41)
FNDA:0,(anonymous_42)
FNDA:1,(anonymous_43)
FNDA:0,(anonymous_44)
FNDA:0,(anonymous_45)
FNDA:0,(anonymous_46)
FNDA:0,(anonymous_47)
FNDA:0,(anonymous_48)
FNDA:0,(anonymous_49)
FNDA:0,(anonymous_50)
FNDA:0,(anonymous_51)
FNDA:0,(anonymous_52)
FNDA:0,(anonymous_53)
FNDA:0,(anonymous_54)
FNDA:1,(anonymous_55)
FNDA:0,(anonymous_56)
FNDA:3,(anonymous_57)
FNDA:3,(anonymous_58)
FNDA:0,(anonymous_59)
FNDA:0,(anonymous_60)
FNDA:2,(anonymous_61)
FNDA:0,(anonymous_62)
FNDA:0,(anonymous_63)
FNDA:0,(anonymous_64)
FNDA:0,(anonymous_65)
FNDA:0,(anonymous_66)
DA:15,1
DA:19,24
DA:22,24
DA:23,24
DA:24,24
DA:25,24
DA:26,24
DA:31,24
DA:32,24
DA:34,24
DA:35,24
DA:37,24
DA:38,24
DA:40,24
DA:41,24
DA:43,24
DA:44,24
DA:46,24
DA:47,24
DA:49,24
DA:50,24
DA:53,3
DA:57,0
DA:58,0
DA:59,0
DA:63,1
DA:64,1
DA:68,0
DA:69,0
DA:73,1
DA:74,1
DA:77,0
DA:80,0
DA:81,0
DA:82,0
DA:86,0
DA:90,0
DA:94,6
DA:98,3
DA:102,14
DA:106,0
DA:110,1
DA:111,1
DA:112,1
DA:113,1
DA:114,1
DA:119,2
DA:120,2
DA:121,2
DA:122,0
DA:123,0
DA:124,0
DA:125,0
DA:127,0
DA:128,0
DA:134,3
DA:135,3
DA:136,0
DA:137,0
DA:138,0
DA:148,4
DA:149,4
DA:150,4
DA:151,0
DA:152,0
DA:153,0
DA:154,0
DA:155,0
DA:156,0
DA:159,0
DA:162,0
DA:164,0
DA:167,0
DA:168,0
DA:171,0
DA:172,0
DA:174,0
DA:175,0
DA:177,0
DA:183,1
DA:184,1
DA:185,1
DA:186,1
DA:187,0
DA:188,0
DA:190,0
DA:197,2
DA:198,2
DA:199,2
DA:200,2
DA:201,0
DA:202,0
DA:204,0
DA:211,0
DA:212,0
DA:217,1
DA:218,1
DA:219,1
DA:220,0
DA:221,0
DA:222,0
DA:225,0
DA:226,0
DA:232,1
DA:233,1
DA:238,0
DA:239,0
DA:240,0
DA:241,0
DA:247,0
DA:248,0
DA:254,0
DA:255,0
DA:256,0
DA:261,0
DA:262,0
DA:263,0
DA:264,0
DA:265,0
DA:273,0
DA:277,1
DA:282,3
DA:283,3
DA:284,3
DA:285,3
DA:286,0
DA:287,0
DA:288,0
DA:289,0
DA:292,0
DA:293,0
DA:295,0
DA:301,2
DA:302,2
DA:303,2
DA:304,0
DA:306,2
DA:313,0
DA:314,0
DA:315,0
DA:316,0
DA:318,0
DA:324,0
DA:325,0
DA:326,0
DA:327,0
DA:328,0
DA:333,0
DA:334,0
DA:335,0
DA:336,0
DA:337,0
LF:152
LH:64
BRDA:110,0,0,1
BRDA:110,0,1,0
BRDA:127,1,0,0
BRDA:127,1,1,0
BRDA:153,2,0,0
BRDA:153,2,1,0
BRDA:155,3,0,0
BRDA:155,3,1,0
BRDA:167,4,0,0
BRDA:167,4,1,0
BRDA:171,5,0,0
BRDA:171,5,1,0
BRDA:177,6,0,0
BRDA:177,6,1,0
BRDA:221,7,0,0
BRDA:221,7,1,0
BRDA:221,8,0,0
BRDA:221,8,1,0
BRDA:221,8,2,0
BRDA:221,8,3,0
BRDA:240,9,0,0
BRDA:240,9,1,0
BRDA:287,10,0,0
BRDA:287,10,1,0
BRDA:287,11,0,0
BRDA:287,11,1,0
BRDA:287,11,2,0
BRDA:287,11,3,0
BRDA:292,12,0,0
BRDA:292,12,1,0
BRDA:303,13,0,0
BRDA:303,13,1,2
BRDA:315,14,0,0
BRDA:315,14,1,0
BRF:34
BRH:2
end_of_record
TN:
SF:src\app\alert\alert.component.ts
FN:14,(anonymous_0)
FN:16,(anonymous_1)
FN:21,(anonymous_2)
FN:24,(anonymous_3)
FNF:4
FNH:2
FNDA:1,(anonymous_0)
FNDA:0,(anonymous_1)
FNDA:1,(anonymous_2)
FNDA:0,(anonymous_3)
DA:12,1
DA:14,1
DA:15,1
DA:17,0
DA:25,0
DA:26,0
DA:32,0
DA:33,0
DA:40,0
LF:9
LH:3
BRDA:25,0,0,0
BRDA:25,0,1,0
BRDA:32,1,0,0
BRDA:32,1,1,0
BRF:4
BRH:0
end_of_record
TN:
SF:src\app\imprint\imprint.component.ts
FN:10,(anonymous_0)
FN:12,(anonymous_1)
FNF:2
FNH:2
FNDA:1,(anonymous_0)
FNDA:1,(anonymous_1)
DA:8,1
LF:1
LH:1
BRF:0
BRH:0
end_of_record
TN:
SF:src\app\logbook\logbook.component.ts
FN:11,(anonymous_0)
FN:13,(anonymous_1)
FNF:2
FNH:2
FNDA:1,(anonymous_0)
FNDA:1,(anonymous_1)
DA:9,1
DA:11,1
LF:2
LH:2
BRF:0
BRH:0
end_of_record
TN:
SF:src\app\login-form\login-form.component.ts
FN:19,(anonymous_0)
FN:21,(anonymous_1)
FN:28,(anonymous_2)
FN:32,(anonymous_3)
FNF:4
FNH:3
FNDA:2,(anonymous_0)
FNDA:2,(anonymous_1)
FNDA:1,(anonymous_2)
FNDA:0,(anonymous_3)
DA:12,1
DA:19,2
DA:22,2
DA:23,0
DA:24,0
DA:29,1
DA:30,1
DA:32,1
DA:33,0
DA:34,0
DA:35,0
DA:36,0
DA:37,0
DA:39,0
DA:40,0
DA:41,0
DA:43,0
DA:44,0
LF:18
LH:6
BRDA:22,0,0,0
BRDA:22,0,1,2
BRDA:33,1,0,0
BRDA:33,1,1,0
BRDA:39,2,0,0
BRDA:39,2,1,0
BRF:6
BRH:1
end_of_record
TN:
SF:src\app\map\map.component.ts
FN:62,(anonymous_0)
FN:66,(anonymous_1)
FN:69,(anonymous_2)
FN:70,(anonymous_3)
FN:71,(anonymous_4)
FN:80,(anonymous_5)
FN:85,(anonymous_6)
FN:86,(anonymous_7)
FN:92,(anonymous_8)
FN:93,(anonymous_9)
FN:95,(anonymous_10)
FN:101,(anonymous_11)
FN:105,(anonymous_12)
FN:106,(anonymous_13)
FN:112,(anonymous_14)
FN:125,(anonymous_15)
FN:134,(anonymous_16)
FN:146,(anonymous_17)
FN:146,(anonymous_18)
FN:158,(anonymous_19)
FN:158,(anonymous_20)
FN:165,(anonymous_21)
FN:180,(anonymous_22)
FN:202,(anonymous_23)
FN:203,(anonymous_24)
FN:213,(anonymous_25)
FN:233,(anonymous_26)
FN:257,(anonymous_27)
FN:262,(anonymous_28)
FN:268,(anonymous_29)
FN:282,(anonymous_30)
FN:288,(anonymous_31)
FN:293,(anonymous_32)
FN:309,(anonymous_33)
FN:324,(anonymous_34)
FN:328,(anonymous_35)
FN:332,(anonymous_36)
FN:333,(anonymous_37)
FNF:38
FNH:4
FNDA:2,(anonymous_0)
FNDA:0,(anonymous_1)
FNDA:0,(anonymous_2)
FNDA:0,(anonymous_3)
FNDA:0,(anonymous_4)
FNDA:0,(anonymous_5)
FNDA:0,(anonymous_6)
FNDA:0,(anonymous_7)
FNDA:0,(anonymous_8)
FNDA:0,(anonymous_9)
FNDA:0,(anonymous_10)
FNDA:0,(anonymous_11)
FNDA:0,(anonymous_12)
FNDA:0,(anonymous_13)
FNDA:0,(anonymous_14)
FNDA:2,(anonymous_15)
FNDA:2,(anonymous_16)
FNDA:0,(anonymous_17)
FNDA:0,(anonymous_18)
FNDA:0,(anonymous_19)
FNDA:0,(anonymous_20)
FNDA:0,(anonymous_21)
FNDA:1,(anonymous_22)
FNDA:0,(anonymous_23)
FNDA:0,(anonymous_24)
FNDA:0,(anonymous_25)
FNDA:0,(anonymous_26)
FNDA:0,(anonymous_27)
FNDA:0,(anonymous_28)
FNDA:0,(anonymous_29)
FNDA:0,(anonymous_30)
FNDA:0,(anonymous_31)
FNDA:0,(anonymous_32)
FNDA:0,(anonymous_33)
FNDA:0,(anonymous_34)
FNDA:0,(anonymous_35)
FNDA:0,(anonymous_36)
FNDA:0,(anonymous_37)
DA:14,1
DA:17,1
DA:28,1
DA:31,2
DA:33,2
DA:35,2
DA:36,2
DA:37,2
DA:38,2
DA:39,2
DA:40,2
DA:45,2
DA:46,2
DA:47,2
DA:49,2
DA:53,2
DA:60,2
DA:62,2
DA:64,2
DA:65,2
DA:66,2
DA:68,2
DA:70,0
DA:71,0
DA:72,0
DA:79,2
DA:81,0
DA:84,2
DA:86,0
DA:87,0
DA:91,2
DA:93,0
DA:94,0
DA:95,0
DA:97,0
DA:101,2
DA:102,0
DA:105,2
DA:106,0
DA:107,0
DA:113,0
DA:114,0
DA:115,0
DA:116,0
DA:117,0
DA:119,0
DA:127,2
DA:128,2
DA:131,2
DA:135,2
DA:141,2
DA:142,0
DA:146,0
DA:148,0
DA:149,0
DA:150,0
DA:153,0
DA:154,0
DA:155,0
DA:158,0
DA:159,0
DA:160,0
DA:161,0
DA:162,0
DA:164,0
DA:165,0
DA:166,0
DA:171,0
DA:173,0
DA:176,0
DA:181,1
DA:182,1
DA:183,1
DA:184,0
DA:185,0
DA:187,0
DA:188,0
DA:191,1
DA:194,1
DA:195,1
DA:198,1
DA:199,1
DA:200,1
DA:202,1
DA:203,0
DA:204,0
DA:205,0
DA:206,0
DA:208,0
DA:214,0
DA:233,0
DA:234,0
DA:238,0
DA:239,0
DA:242,0
DA:243,0
DA:244,0
DA:245,0
DA:249,0
DA:250,0
DA:251,0
DA:254,0
DA:258,0
DA:259,0
DA:263,0
DA:264,0
DA:265,0
DA:269,0
DA:279,0
DA:283,0
DA:284,0
DA:285,0
DA:289,0
DA:290,0
DA:294,0
DA:295,0
DA:297,0
DA:298,0
DA:302,0
DA:305,0
DA:310,0
DA:311,0
DA:312,0
DA:313,0
DA:315,0
DA:316,0
DA:317,0
DA:320,0
DA:325,0
DA:329,0
DA:333,0
DA:334,0
LF:132
LH:42
BRDA:94,0,0,0
BRDA:94,0,1,0
BRDA:113,1,0,0
BRDA:113,1,1,0
BRDA:127,2,0,2
BRDA:127,2,1,0
BRDA:141,3,0,0
BRDA:141,3,1,2
BRDA:141,4,0,2
BRDA:141,4,1,0
BRDA:149,5,0,0
BRDA:149,5,1,0
BRDA:159,6,0,0
BRDA:159,6,1,0
BRDA:181,7,0,1
BRDA:181,7,1,0
BRDA:183,8,0,0
BRDA:183,8,1,1
BRDA:238,9,0,0
BRDA:238,9,1,0
BRDA:243,10,0,0
BRDA:243,10,1,0
BRDA:244,11,0,0
BRDA:244,11,1,0
BRDA:249,12,0,0
BRDA:249,12,1,0
BRDA:249,13,0,0
BRDA:249,13,1,0
BRDA:297,14,0,0
BRDA:297,14,1,0
BRDA:302,15,0,0
BRDA:302,15,1,0
BRDA:310,16,0,0
BRDA:310,16,1,0
BRDA:311,17,0,0
BRDA:311,17,1,0
BRF:36
BRH:5
end_of_record
TN:
SF:src\app\models\Alert.ts
FN:9,(anonymous_0)
FNF:1
FNH:1
FNDA:3,(anonymous_0)
DA:10,3
DA:11,3
DA:12,3
LF:3
LH:3
BRF:0
BRH:0
end_of_record
TN:
SF:src\app\models\AlertType.ts
FN:1,(anonymous_0)
FNF:1
FNH:1
FNDA:1,(anonymous_0)
DA:1,1
DA:2,1
LF:2
LH:2
BRDA:1,0,0,1
BRDA:1,0,1,1
BRF:2
BRH:2
end_of_record
TN:
SF:src\app\models\DataSet.ts
FN:8,(anonymous_0)
FNF:1
FNH:0
FNDA:0,(anonymous_0)
DA:9,0
DA:10,0
DA:11,0
DA:12,0
LF:4
LH:0
BRF:0
BRH:0
end_of_record
TN:
SF:src\app\models\User.ts
FN:9,(anonymous_0)
FNF:1
FNH:0
FNDA:0,(anonymous_0)
DA:4,0
DA:10,0
DA:11,0
DA:12,0
DA:13,0
DA:14,0
LF:6
LH:0
BRF:0
BRH:0
end_of_record
TN:
SF:src\app\models\Zone.ts
FN:9,(anonymous_0)
FNF:1
FNH:1
FNDA:2,(anonymous_0)
DA:10,2
DA:11,2
DA:12,2
DA:13,2
LF:4
LH:4
BRF:0
BRH:0
end_of_record
TN:
SF:src\app\usermodal\usermodal.component.ts
FN:22,(anonymous_0)
FN:24,(anonymous_1)
FN:36,(anonymous_2)
FN:46,(anonymous_3)
FN:59,(anonymous_4)
FN:63,(anonymous_5)
FNF:6
FNH:3
FNDA:3,(anonymous_0)
FNDA:1,(anonymous_1)
FNDA:1,(anonymous_2)
FNDA:0,(anonymous_3)
FNDA:0,(anonymous_4)
FNDA:0,(anonymous_5)
DA:14,1
DA:19,3
DA:22,3
DA:25,1
DA:26,0
DA:27,0
DA:28,0
DA:29,0
DA:31,1
DA:37,1
DA:38,1
DA:39,0
DA:40,0
DA:41,0
DA:42,0
DA:47,0
DA:48,0
DA:49,0
DA:50,0
DA:51,0
DA:52,0
DA:53,0
DA:55,0
DA:60,0
DA:64,0
DA:65,0
LF:26
LH:7
BRDA:25,0,0,0
BRDA:25,0,1,1
BRDA:25,1,0,1
BRDA:25,1,1,0
BRDA:38,2,0,0
BRDA:38,2,1,1
BRDA:47,3,0,0
BRDA:47,3,1,0
BRDA:47,4,0,0
BRDA:47,4,1,0
BRF:10
BRH:3
end_of_record
TN:
SF:src\app\zonemodal\zonemodal.component.ts
FN:22,(anonymous_0)
FN:24,(anonymous_1)
FN:37,(anonymous_2)
FN:50,(anonymous_3)
FN:52,(anonymous_4)
FN:61,(anonymous_5)
FN:65,(anonymous_6)
FNF:7
FNH:3
FNDA:3,(anonymous_0)
FNDA:1,(anonymous_1)
FNDA:0,(anonymous_2)
FNDA:1,(anonymous_3)
FNDA:0,(anonymous_4)
FNDA:0,(anonymous_5)
FNDA:0,(anonymous_6)
DA:13,1
DA:22,3
DA:25,1
DA:26,1
DA:27,1
DA:28,1
DA:29,1
DA:30,1
DA:31,1
DA:33,0
DA:38,0
DA:39,0
DA:40,0
DA:41,0
DA:42,0
DA:43,0
DA:44,0
DA:46,0
DA:51,1
DA:52,1
DA:53,1
DA:54,0
DA:55,0
DA:56,0
DA:57,0
DA:62,0
DA:66,0
DA:67,0
LF:28
LH:12
BRDA:26,0,0,1
BRDA:26,0,1,0
BRDA:38,1,0,0
BRDA:38,1,1,0
BRDA:53,2,0,0
BRDA:53,2,1,1
BRF:6
BRH:2
end_of_record
